Added Component: Designator=OLED(HDR1X7)
Add component. Clean all parameters for all variants
Add component (AddParameter): Name = "LatestRevisionDate"; Value = "17-Jul-2002"; VariantName = "[No Variations]"
Add component (AddParameter): Name = "LatestRevisionNote"; Value = "Re-released for DXP Platform."; VariantName = "[No Variations]"
Add component (AddParameter): Name = "Publisher"; Value = "Altium Limited"; VariantName = "[No Variations]"
Added Component: Designator=P1(MHDR2X14)
Add component. Clean all parameters for all variants
Add component (AddParameter): Name = "LatestRevisionDate"; Value = "17-Jul-2002"; VariantName = "[No Variations]"
Add component (AddParameter): Name = "LatestRevisionNote"; Value = "Re-released for DXP Platform."; VariantName = "[No Variations]"
Add component (AddParameter): Name = "Publisher"; Value = "Altium Limited"; VariantName = "[No Variations]"
Added Component: Designator=P2(MHDR2X16)
Add component. Clean all parameters for all variants
Add component (AddParameter): Name = "LatestRevisionDate"; Value = "17-Jul-2002"; VariantName = "[No Variations]"
Add component (AddParameter): Name = "LatestRevisionNote"; Value = "Re-released for DXP Platform."; VariantName = "[No Variations]"
Add component (AddParameter): Name = "Publisher"; Value = "Altium Limited"; VariantName = "[No Variations]"
Added Component: Designator=P3(MHDR2X16)
Add component. Clean all parameters for all variants
Add component (AddParameter): Name = "LatestRevisionDate"; Value = "17-Jul-2002"; VariantName = "[No Variations]"
Add component (AddParameter): Name = "LatestRevisionNote"; Value = "Re-released for DXP Platform."; VariantName = "[No Variations]"
Add component (AddParameter): Name = "Publisher"; Value = "Altium Limited"; VariantName = "[No Variations]"
Added Pin To Net: NetName=A9 Pin=P3-2
Added Net: Name=A9
Added Pin To Net: NetName=A11 Pin=P3-4
Added Net: Name=A11
Added Pin To Net: NetName=A13 Pin=P3-6
Added Net: Name=A13
Added Pin To Net: NetName=E8 Pin=P1-2
Added Net: Name=E8
Added Pin To Net: NetName=E9 Pin=P1-4
Added Net: Name=E9
Added Pin To Net: NetName=E11 Pin=P1-6
Added Net: Name=E11
Added Pin To Net: NetName=E13 Pin=P1-8
Added Net: Name=E13
Added Pin To Net: NetName=NetLabel27 Pin=P1-10
Added Net: Name=NetLabel27
Added Pin To Net: NetName=NetLabel28 Pin=P1-12
Added Net: Name=NetLabel28
Added Pin To Net: NetName=NetLabel29 Pin=P1-14
Added Net: Name=NetLabel29
Added Pin To Net: NetName=NetLabel30 Pin=P1-16
Added Net: Name=NetLabel30
Added Pin To Net: NetName=NetLabel31 Pin=P1-18
Added Net: Name=NetLabel31
Added Pin To Net: NetName=NetLabel32 Pin=P1-20
Added Net: Name=NetLabel32
Added Pin To Net: NetName=NetLabel33 Pin=P1-22
Added Net: Name=NetLabel33
Added Pin To Net: NetName=NetLabel34 Pin=P1-24
Added Net: Name=NetLabel34
Added Pin To Net: NetName=NetLabel35 Pin=P1-26
Added Net: Name=NetLabel35
Added Pin To Net: NetName=NetLabel36 Pin=P1-28
Added Net: Name=NetLabel36
Added Pin To Net: NetName=NetLabel37 Pin=P1-27
Added Net: Name=NetLabel37
Added Pin To Net: NetName=NetLabel38 Pin=P1-25
Added Net: Name=NetLabel38
Added Pin To Net: NetName=NetLabel39 Pin=P1-23
Added Net: Name=NetLabel39
Added Pin To Net: NetName=NetLabel40 Pin=P1-21
Added Net: Name=NetLabel40
Added Pin To Net: NetName=NetLabel41 Pin=P1-19
Added Net: Name=NetLabel41
Added Pin To Net: NetName=NetLabel42 Pin=P1-17
Added Net: Name=NetLabel42
Added Pin To Net: NetName=NetLabel43 Pin=P1-15
Added Net: Name=NetLabel43
Added Pin To Net: NetName=NetLabel44 Pin=P1-13
Added Net: Name=NetLabel44
Added Pin To Net: NetName=NetLabel45 Pin=P1-11
Added Net: Name=NetLabel45
Added Pin To Net: NetName=NetLabel46 Pin=P1-9
Added Net: Name=NetLabel46
Added Pin To Net: NetName=NetLabel47 Pin=P1-7
Added Net: Name=NetLabel47
Added Pin To Net: NetName=NetLabel48 Pin=P1-5
Added Net: Name=NetLabel48
Added Pin To Net: NetName=NetLabel49 Pin=P1-3
Added Net: Name=NetLabel49
Added Pin To Net: NetName=NetLabel50 Pin=P1-1
Added Net: Name=NetLabel50
Added Class: Name=Sheet1
Added Room: Name=Sheet1
